<?xml version="1.0" encoding="UTF-8"?>
<!-- Generated by org.testng.reporters.JUnitReportReporter -->
<testsuite hostname="loadrunner-PC" name="day11_WindowHandles.DynamicXpath_Ajax" tests="1" failures="0" timestamp="6 Apr 2017 06:52:47 GMT" time="28.651" errors="0">
  <testcase name="f" time="28.651" classname="day11_WindowHandles.DynamicXpath_Ajax"/>
</testsuite> <!-- day11_WindowHandles.DynamicXpath_Ajax -->
