<?xml version="1.0" encoding="UTF-8"?>
<!-- Generated by org.testng.reporters.JUnitReportReporter -->
<testsuite hostname="loadrunner-PC" name="day20.ScrollDown_JavaScript" tests="1" failures="0" timestamp="20 Apr 2017 08:00:03 GMT" time="22.543" errors="0">
  <testcase name="f" time="22.543" classname="day20.ScrollDown_JavaScript"/>
</testsuite> <!-- day20.ScrollDown_JavaScript -->
