<?xml version="1.0" encoding="UTF-8"?>
<!-- Generated by org.testng.reporters.JUnitReportReporter -->
<testsuite hostname="loadrunner-PC" name="excel.Excel_JXL" tests="1" failures="0" timestamp="13 Apr 2017 07:50:22 GMT" time="13.138" errors="0">
  <testcase name="f" time="13.138" classname="excel.Excel_JXL"/>
</testsuite> <!-- excel.Excel_JXL -->
