<?xml version="1.0" encoding="UTF-8"?>
<!-- Generated by org.testng.reporters.JUnitReportReporter -->
<testsuite hostname="loadrunner-PC" name="excel.Excel_MultpleData" tests="1" failures="0" timestamp="14 Apr 2017 09:31:36 GMT" time="24.681" errors="0">
  <testcase name="f" time="24.681" classname="excel.Excel_MultpleData"/>
</testsuite> <!-- excel.Excel_MultpleData -->
