<?xml version="1.0" encoding="UTF-8"?>
<!-- Generated by org.testng.reporters.JUnitReportReporter -->
<testsuite hostname="loadrunner-PC" name="day10.Webatble_Rows" tests="1" failures="0" timestamp="12 Apr 2017 08:24:53 GMT" time="24.242" errors="0">
  <testcase name="f" time="24.242" classname="day10.Webatble_Rows"/>
</testsuite> <!-- day10.Webatble_Rows -->
