<?xml version="1.0" encoding="UTF-8"?>
<!-- Generated by org.testng.reporters.JUnitReportReporter -->
<testsuite hostname="loadrunner-PC" name="day20.HiddenLinks_JavaScriptExe" tests="1" failures="0" timestamp="20 Apr 2017 07:41:44 GMT" time="15.754" errors="0">
  <testcase name="f" time="15.754" classname="day20.HiddenLinks_JavaScriptExe"/>
</testsuite> <!-- day20.HiddenLinks_JavaScriptExe -->
