<?xml version="1.0" encoding="UTF-8"?>
<!-- Generated by org.testng.reporters.JUnitReportReporter -->
<testsuite hostname="loadrunner-PC" name="day10.Frames_Paytm" tests="1" failures="0" timestamp="5 Apr 2017 06:45:05 GMT" time="23.157" errors="0">
  <testcase name="f" time="23.157" classname="day10.Frames_Paytm"/>
</testsuite> <!-- day10.Frames_Paytm -->
