<?xml version="1.0" encoding="UTF-8"?>
<!-- Generated by org.testng.reporters.JUnitReportReporter -->
<testsuite hostname="loadrunner-PC" name="excel.Excel_Login_POI" tests="1" failures="0" timestamp="13 Apr 2017 08:40:25 GMT" time="14.337" errors="0">
  <testcase name="f" time="14.337" classname="excel.Excel_Login_POI"/>
</testsuite> <!-- excel.Excel_Login_POI -->
