<?xml version="1.0" encoding="UTF-8"?>
<!-- Generated by org.testng.reporters.JUnitReportReporter -->
<testsuite hostname="loadrunner-PC" name="com.Proj.TestsTestExec.Properties_Exec" tests="1" failures="0" timestamp="17 Apr 2017 07:46:40 GMT" time="14.212" errors="0">
  <testcase name="f" time="14.212" classname="com.Proj.TestsTestExec.Properties_Exec"/>
</testsuite> <!-- com.Proj.TestsTestExec.Properties_Exec -->
