<?xml version="1.0" encoding="UTF-8"?>
<!-- Generated by org.testng.reporters.JUnitReportReporter -->
<testsuite hostname="loadrunner-PC" name="day12_Robot.UploadFile_Robot" tests="1" failures="0" timestamp="10 Apr 2017 10:22:57 GMT" time="20.990" errors="0">
  <testcase name="f" time="20.990" classname="day12_Robot.UploadFile_Robot"/>
</testsuite> <!-- day12_Robot.UploadFile_Robot -->
