<?xml version="1.0" encoding="UTF-8"?>
<!-- Generated by org.testng.reporters.JUnitReportReporter -->
<testsuite hostname="loadrunner-PC" name="desktop_Components.DownloadFile_AutoIT" tests="1" failures="0" timestamp="7 Apr 2017 07:42:32 GMT" time="13.213" errors="0">
  <testcase name="f" time="13.213" classname="desktop_Components.DownloadFile_AutoIT"/>
</testsuite> <!-- desktop_Components.DownloadFile_AutoIT -->
