<?xml version="1.0" encoding="UTF-8"?>
<!-- Generated by org.testng.reporters.JUnitReportReporter -->
<testsuite hostname="loadrunner-PC" name="day20.ExplicitWait_Fluentwait" tests="1" failures="0" timestamp="20 Apr 2017 08:23:39 GMT" time="19.614" errors="0">
  <testcase name="waitTest" time="19.614" classname="day20.ExplicitWait_Fluentwait"/>
</testsuite> <!-- day20.ExplicitWait_Fluentwait -->
