<?xml version="1.0" encoding="UTF-8"?>
<!-- Generated by org.testng.reporters.JUnitReportReporter -->
<testsuite hostname="loadrunner-PC" name="com.Proj.TestsTestExec.PoM_Execution" tests="1" failures="0" timestamp="18 Apr 2017 08:23:22 GMT" time="26.750" errors="0">
  <testcase name="f" time="26.750" classname="com.Proj.TestsTestExec.PoM_Execution"/>
</testsuite> <!-- com.Proj.TestsTestExec.PoM_Execution -->
