<?xml version="1.0" encoding="UTF-8"?>
<!-- Generated by org.testng.reporters.JUnitReportReporter -->
<testsuite hostname="loadrunner-PC" name="day11_WindowHandles.Tours_Popup" tests="1" failures="0" timestamp="6 Apr 2017 05:44:11 GMT" time="37.945" errors="0">
  <testcase name="popup" time="37.945" classname="day11_WindowHandles.Tours_Popup"/>
</testsuite> <!-- day11_WindowHandles.Tours_Popup -->
