<?xml version="1.0" encoding="UTF-8"?>
<!-- Generated by org.testng.reporters.JUnitReportReporter -->
<testsuite hostname="loadrunner-PC" name="com.Proj.TestsTestExec.datadriventesting" tests="1" failures="0" timestamp="17 Apr 2017 07:56:03 GMT" time="28.099" errors="0">
  <testcase name="f" time="28.099" classname="com.Proj.TestsTestExec.datadriventesting"/>
</testsuite> <!-- com.Proj.TestsTestExec.datadriventesting -->
