<?xml version="1.0" encoding="UTF-8"?>
<!-- Generated by org.testng.reporters.JUnitReportReporter -->
<testsuite hostname="loadrunner-PC" name="sample.DropDown" tests="1" failures="0" timestamp="4 Apr 2017 06:07:21 GMT" time="31.630" errors="0">
  <testcase name="aaa" time="31.630" classname="sample.DropDown"/>
</testsuite> <!-- sample.DropDown -->
