<?xml version="1.0" encoding="UTF-8"?>
<!-- Generated by org.testng.reporters.JUnitReportReporter -->
<testsuite hostname="loadrunner-PC" name="day12_Robot.Robot_Mouse" tests="1" failures="0" timestamp="10 Apr 2017 10:38:54 GMT" time="8.041" errors="0">
  <testcase name="f" time="8.041" classname="day12_Robot.Robot_Mouse"/>
</testsuite> <!-- day12_Robot.Robot_Mouse -->
