<?xml version="1.0" encoding="UTF-8"?>
<!-- Generated by org.testng.reporters.JUnitReportReporter -->
<testsuite hostname="loadrunner-PC" name="testng.Webtable_AllRows_Col" tests="1" failures="0" timestamp="4 Apr 2017 07:34:52 GMT" time="12.186" errors="0">
  <testcase name="f" time="12.186" classname="testng.Webtable_AllRows_Col"/>
</testsuite> <!-- testng.Webtable_AllRows_Col -->
