<?xml version="1.0" encoding="UTF-8"?>
<!-- Generated by org.testng.reporters.JUnitReportReporter -->
<testsuite hostname="loadrunner-PC" name="excel.Excel_Write_JXL" tests="1" failures="0" timestamp="13 Apr 2017 08:26:23 GMT" time="0.150" errors="0">
  <testcase name="f" time="0.150" classname="excel.Excel_Write_JXL"/>
</testsuite> <!-- excel.Excel_Write_JXL -->
