<?xml version="1.0" encoding="UTF-8"?>
<!-- Generated by org.testng.reporters.JUnitReportReporter -->
<testsuite hostname="loadrunner-PC" name="day20.ExplicitWait_WebDriverwait" tests="1" failures="0" timestamp="20 Apr 2017 08:16:55 GMT" time="5.419" errors="0">
  <testcase name="waitTest" time="5.419" classname="day20.ExplicitWait_WebDriverwait"/>
</testsuite> <!-- day20.ExplicitWait_WebDriverwait -->
