<?xml version="1.0" encoding="UTF-8"?>
<!-- Generated by org.testng.reporters.JUnitReportReporter -->
<testsuite hostname="loadrunner-PC" name="com.Proj.TestsTestExec.Hybrid_HRM" tests="1" failures="0" timestamp="17 Apr 2017 08:59:31 GMT" time="13.681" errors="0">
  <testcase name="f" time="13.681" classname="com.Proj.TestsTestExec.Hybrid_HRM"/>
</testsuite> <!-- com.Proj.TestsTestExec.Hybrid_HRM -->
