<?xml version="1.0" encoding="UTF-8"?>
<!-- Generated by org.testng.reporters.JUnitReportReporter -->
<testsuite hostname="loadrunner-PC" name="testng.NewTest" tests="3" failures="0" timestamp="12 Apr 2017 08:24:53 GMT" time="0.001" errors="0">
  <testcase name="f" time="0.000" classname="testng.NewTest"/>
  <testcase name="b" time="0.000" classname="testng.NewTest"/>
  <testcase name="a" time="0.001" classname="testng.NewTest"/>
</testsuite> <!-- testng.NewTest -->
