<?xml version="1.0" encoding="UTF-8"?>
<!-- Generated by org.testng.reporters.JUnitReportReporter -->
<testsuite hostname="loadrunner-PC" name="day11_WindowHandles.CssSelector12" tests="1" failures="0" timestamp="6 Apr 2017 07:06:16 GMT" time="33.795" errors="0">
  <testcase name="f" time="33.795" classname="day11_WindowHandles.CssSelector12"/>
</testsuite> <!-- day11_WindowHandles.CssSelector12 -->
