<?xml version="1.0" encoding="UTF-8"?>
<!-- Generated by org.testng.reporters.JUnitReportReporter -->
<testsuite hostname="loadrunner-PC" name="testng.WebTable_Allrows" tests="1" failures="0" timestamp="4 Apr 2017 07:08:26 GMT" time="27.344" errors="0">
  <testcase name="table" time="27.344" classname="testng.WebTable_Allrows"/>
</testsuite> <!-- testng.WebTable_Allrows -->
