<?xml version="1.0" encoding="UTF-8"?>
<!-- Generated by org.testng.reporters.JUnitReportReporter -->
<testsuite hostname="loadrunner-PC" name="testng.WebTable_Testing" tests="1" failures="0" timestamp="12 Apr 2017 08:24:53 GMT" time="14.558" errors="0">
  <testcase name="f" time="14.558" classname="testng.WebTable_Testing"/>
</testsuite> <!-- testng.WebTable_Testing -->
