<?xml version="1.0" encoding="UTF-8"?>
<!-- Generated by org.testng.reporters.JUnitReportReporter -->
<testsuite hostname="loadrunner-PC" name="day12_Robot.Savefile_Robot" tests="1" failures="0" timestamp="10 Apr 2017 10:05:48 GMT" time="28.828" errors="0">
  <testcase name="f" time="28.828" classname="day12_Robot.Savefile_Robot"/>
</testsuite> <!-- day12_Robot.Savefile_Robot -->
