<?xml version="1.0" encoding="UTF-8"?>
<!-- Generated by org.testng.reporters.JUnitReportReporter -->
<testsuite hostname="loadrunner-PC" name="day10.Calander_Webtable" tests="1" failures="0" timestamp="5 Apr 2017 07:24:01 GMT" time="15.094" errors="0">
  <testcase name="calanderTest" time="15.094" classname="day10.Calander_Webtable"/>
</testsuite> <!-- day10.Calander_Webtable -->
