<?xml version="1.0" encoding="UTF-8"?>
<!-- Generated by org.testng.reporters.JUnitReportReporter -->
<testsuite hostname="loadrunner-PC" name="grid.Grid_Single" tests="1" failures="0" timestamp="11 Apr 2017 09:39:16 GMT" time="10.925" errors="0">
  <testcase name="f" time="10.925" classname="grid.Grid_Single"/>
</testsuite> <!-- grid.Grid_Single -->
