<?xml version="1.0" encoding="UTF-8"?>
<!-- Generated by org.testng.reporters.JUnitReportReporter -->
<testsuite hostname="loadrunner-PC" name="com.Proj.TestsTestExec.LoginusingKeywords" tests="1" failures="0" timestamp="17 Apr 2017 07:26:59 GMT" time="13.161" errors="0">
  <testcase name="loginTest" time="13.161" classname="com.Proj.TestsTestExec.LoginusingKeywords"/>
</testsuite> <!-- com.Proj.TestsTestExec.LoginusingKeywords -->
