<?xml version="1.0" encoding="UTF-8"?>
<!-- Generated by org.testng.reporters.JUnitReportReporter -->
<testsuite hostname="loadrunner-PC" name="day20.Cookies1" tests="1" failures="0" timestamp="20 Apr 2017 08:34:10 GMT" time="8.712" errors="0">
  <testcase name="f" time="8.712" classname="day20.Cookies1"/>
</testsuite> <!-- day20.Cookies1 -->
